# JRE version: Java(TM) SE Runtime Environment (7.0_51-b13) (build 1.7.0_51-b13)
# Java VM: Java HotSpot(TM) Server VM (24.51-b03 mixed mode linux-x86 )
Heap
 PSYoungGen      total 9472K, used 4376K [0xa8e40000, 0xaa0c0000, 0xb35c0000)
  eden space 8192K, 37% used [0xa8e40000,0xa9148318,0xa9640000)
  from space 1280K, 99% used [0xa9f80000,0xaa0bde08,0xaa0c0000)
  to   space 1280K, 0% used [0xa9640000,0xa9640000,0xa9780000)
 ParOldGen       total 21248K, used 3760K [0x93fc0000, 0x95480000, 0xa8e40000)
  object space 21248K, 17% used [0x93fc0000,0x9436c370,0x95480000)
 PSPermGen       total 16384K, used 12189K [0x8ffc0000, 0x90fc0000, 0x93fc0000)
  object space 16384K, 74% used [0x8ffc0000,0x90ba7748,0x90fc0000)
GC Heap History (4 events):
Event: 0,769 GC heap before
{Heap before GC invocations=1 (full 0):
 PSYoungGen      total 9472K, used 8192K [0xa8e40000, 0xa98c0000, 0xb35c0000)
  eden space 8192K, 100% used [0xa8e40000,0xa9640000,0xa9640000)
  from space 1280K, 0% used [0xa9780000,0xa9780000,0xa98c0000)
  to   space 1280K, 0% used [0xa9640000,0xa9640000,0xa9780000)
 ParOldGen       total 21248K, used 0K [0x93fc0000, 0x95480000, 0xa8e40000)
  object space 21248K, 0% used [0x93fc0000,0x93fc0000,0x95480000)
 PSPermGen       total 16384K, used 8324K [0x8ffc0000, 0x90fc0000, 0x93fc0000)
  object space 16384K, 50% used [0x8ffc0000,0x907e1290,0x90fc0000)
Event: 0,777 GC heap after
Heap after GC invocations=1 (full 0):
 PSYoungGen      total 9472K, used 1272K [0xa8e40000, 0xaa0c0000, 0xb35c0000)
  eden space 8192K, 0% used [0xa8e40000,0xa8e40000,0xa9640000)
  from space 1280K, 99% used [0xa9640000,0xa977e070,0xa9780000)
  to   space 1280K, 0% used [0xa9f80000,0xa9f80000,0xaa0c0000)
 ParOldGen       total 21248K, used 1837K [0x93fc0000, 0x95480000, 0xa8e40000)
  object space 21248K, 8% used [0x93fc0000,0x9418b5e8,0x95480000)
 PSPermGen       total 16384K, used 8324K [0x8ffc0000, 0x90fc0000, 0x93fc0000)
  object space 16384K, 50% used [0x8ffc0000,0x907e1290,0x90fc0000)
}
Event: 2,447 GC heap before
{Heap before GC invocations=2 (full 0):
 PSYoungGen      total 9472K, used 9464K [0xa8e40000, 0xaa0c0000, 0xb35c0000)
  eden space 8192K, 100% used [0xa8e40000,0xa9640000,0xa9640000)
  from space 1280K, 99% used [0xa9640000,0xa977e070,0xa9780000)
  to   space 1280K, 0% used [0xa9f80000,0xa9f80000,0xaa0c0000)
 ParOldGen       total 21248K, used 1837K [0x93fc0000, 0x95480000, 0xa8e40000)
  object space 21248K, 8% used [0x93fc0000,0x9418b5e8,0x95480000)
 PSPermGen       total 16384K, used 11460K [0x8ffc0000, 0x90fc0000, 0x93fc0000)
  object space 16384K, 69% used [0x8ffc0000,0x90af1010,0x90fc0000)
Event: 2,458 GC heap after
Heap after GC invocations=2 (full 0):
 PSYoungGen      total 9472K, used 1271K [0xa8e40000, 0xaa0c0000, 0xb35c0000)
  eden space 8192K, 0% used [0xa8e40000,0xa8e40000,0xa9640000)
  from space 1280K, 99% used [0xa9f80000,0xaa0bde08,0xaa0c0000)
  to   space 1280K, 0% used [0xa9640000,0xa9640000,0xa9780000)
 ParOldGen       total 21248K, used 3760K [0x93fc0000, 0x95480000, 0xa8e40000)
  object space 21248K, 17% used [0x93fc0000,0x9436c370,0x95480000)
 PSPermGen       total 16384K, used 11460K [0x8ffc0000, 0x90fc0000, 0x93fc0000)
  object space 16384K, 69% used [0x8ffc0000,0x90af1010,0x90fc0000)
}

