# JRE version: Java(TM) SE Runtime Environment (7.0_51-b13) (build 1.7.0_51-b13)
# Java VM: Java HotSpot(TM) Server VM (24.51-b03 mixed mode linux-x86 )
Heap
 PSYoungGen      total 17664K, used 4934K [0xa8d80000, 0xaa000000, 0xb3500000)
  eden space 16384K, 22% used [0xa8d80000,0xa91147f0,0xa9d80000)
  from space 1280K, 99% used [0xa9ec0000,0xa9ffd0b0,0xaa000000)
  to   space 1280K, 0% used [0xa9d80000,0xa9d80000,0xa9ec0000)
 ParOldGen       total 21248K, used 5802K [0x93f00000, 0x953c0000, 0xa8d80000)
  object space 21248K, 27% used [0x93f00000,0x944aa8f0,0x953c0000)
 PSPermGen       total 16384K, used 12238K [0x8ff00000, 0x90f00000, 0x93f00000)
  object space 16384K, 74% used [0x8ff00000,0x90af3a88,0x90f00000)
GC Heap History (4 events):
Event: 0,745 GC heap before
{Heap before GC invocations=1 (full 0):
 PSYoungGen      total 9472K, used 8192K [0xa8d80000, 0xa9800000, 0xb3500000)
  eden space 8192K, 100% used [0xa8d80000,0xa9580000,0xa9580000)
  from space 1280K, 0% used [0xa96c0000,0xa96c0000,0xa9800000)
  to   space 1280K, 0% used [0xa9580000,0xa9580000,0xa96c0000)
 ParOldGen       total 21248K, used 0K [0x93f00000, 0x953c0000, 0xa8d80000)
  object space 21248K, 0% used [0x93f00000,0x93f00000,0x953c0000)
 PSPermGen       total 16384K, used 8101K [0x8ff00000, 0x90f00000, 0x93f00000)
  object space 16384K, 49% used [0x8ff00000,0x906e9590,0x90f00000)
Event: 0,756 GC heap after
Heap after GC invocations=1 (full 0):
 PSYoungGen      total 9472K, used 1264K [0xa8d80000, 0xaa000000, 0xb3500000)
  eden space 8192K, 0% used [0xa8d80000,0xa8d80000,0xa9580000)
  from space 1280K, 98% used [0xa9580000,0xa96bc060,0xa96c0000)
  to   space 1280K, 0% used [0xa9ec0000,0xa9ec0000,0xaa000000)
 ParOldGen       total 21248K, used 3866K [0x93f00000, 0x953c0000, 0xa8d80000)
  object space 21248K, 18% used [0x93f00000,0x942c68c0,0x953c0000)
 PSPermGen       total 16384K, used 8101K [0x8ff00000, 0x90f00000, 0x93f00000)
  object space 16384K, 49% used [0x8ff00000,0x906e9590,0x90f00000)
}
Event: 2,751 GC heap before
{Heap before GC invocations=2 (full 0):
 PSYoungGen      total 9472K, used 9449K [0xa8d80000, 0xaa000000, 0xb3500000)
  eden space 8192K, 99% used [0xa8d80000,0xa957e550,0xa9580000)
  from space 1280K, 98% used [0xa9580000,0xa96bc060,0xa96c0000)
  to   space 1280K, 0% used [0xa9ec0000,0xa9ec0000,0xaa000000)
 ParOldGen       total 21248K, used 3866K [0x93f00000, 0x953c0000, 0xa8d80000)
  object space 21248K, 18% used [0x93f00000,0x942c68c0,0x953c0000)
 PSPermGen       total 16384K, used 11399K [0x8ff00000, 0x90f00000, 0x93f00000)
  object space 16384K, 69% used [0x8ff00000,0x90a21fc8,0x90f00000)
Event: 2,764 GC heap after
Heap after GC invocations=2 (full 0):
 PSYoungGen      total 17664K, used 1268K [0xa8d80000, 0xaa000000, 0xb3500000)
  eden space 16384K, 0% used [0xa8d80000,0xa8d80000,0xa9d80000)
  from space 1280K, 99% used [0xa9ec0000,0xa9ffd0b0,0xaa000000)
  to   space 1280K, 0% used [0xa9d80000,0xa9d80000,0xa9ec0000)
 ParOldGen       total 21248K, used 5802K [0x93f00000, 0x953c0000, 0xa8d80000)
  object space 21248K, 27% used [0x93f00000,0x944aa8f0,0x953c0000)
 PSPermGen       total 16384K, used 11399K [0x8ff00000, 0x90f00000, 0x93f00000)
  object space 16384K, 69% used [0x8ff00000,0x90a21fc8,0x90f00000)
}

