# JRE version: Java(TM) SE Runtime Environment (7.0_51-b13) (build 1.7.0_51-b13)
# Java VM: Java HotSpot(TM) Server VM (24.51-b03 mixed mode linux-x86 )
Heap
 PSYoungGen      total 9472K, used 4801K [0xa8e40000, 0xaa0c0000, 0xb35c0000)
  eden space 8192K, 43% used [0xa8e40000,0xa91b23b0,0xa9640000)
  from space 1280K, 99% used [0xa9f80000,0xaa0be318,0xaa0c0000)
  to   space 1280K, 0% used [0xa9640000,0xa9640000,0xa9780000)
 ParOldGen       total 21248K, used 5710K [0x93fc0000, 0x95480000, 0xa8e40000)
  object space 21248K, 26% used [0x93fc0000,0x945538f0,0x95480000)
 PSPermGen       total 16384K, used 12196K [0x8ffc0000, 0x90fc0000, 0x93fc0000)
  object space 16384K, 74% used [0x8ffc0000,0x90ba9388,0x90fc0000)
GC Heap History (4 events):
Event: 0,756 GC heap before
{Heap before GC invocations=1 (full 0):
 PSYoungGen      total 9472K, used 8192K [0xa8e40000, 0xa98c0000, 0xb35c0000)
  eden space 8192K, 100% used [0xa8e40000,0xa9640000,0xa9640000)
  from space 1280K, 0% used [0xa9780000,0xa9780000,0xa98c0000)
  to   space 1280K, 0% used [0xa9640000,0xa9640000,0xa9780000)
 ParOldGen       total 21248K, used 0K [0x93fc0000, 0x95480000, 0xa8e40000)
  object space 21248K, 0% used [0x93fc0000,0x93fc0000,0x95480000)
 PSPermGen       total 16384K, used 8117K [0x8ffc0000, 0x90fc0000, 0x93fc0000)
  object space 16384K, 49% used [0x8ffc0000,0x907ad630,0x90fc0000)
Event: 0,764 GC heap after
Heap after GC invocations=1 (full 0):
 PSYoungGen      total 9472K, used 1264K [0xa8e40000, 0xaa0c0000, 0xb35c0000)
  eden space 8192K, 0% used [0xa8e40000,0xa8e40000,0xa9640000)
  from space 1280K, 98% used [0xa9640000,0xa977c050,0xa9780000)
  to   space 1280K, 0% used [0xa9f80000,0xa9f80000,0xaa0c0000)
 ParOldGen       total 21248K, used 3873K [0x93fc0000, 0x95480000, 0xa8e40000)
  object space 21248K, 18% used [0x93fc0000,0x94388618,0x95480000)
 PSPermGen       total 16384K, used 8117K [0x8ffc0000, 0x90fc0000, 0x93fc0000)
  object space 16384K, 49% used [0x8ffc0000,0x907ad630,0x90fc0000)
}
Event: 3,561 GC heap before
{Heap before GC invocations=2 (full 0):
 PSYoungGen      total 9472K, used 9456K [0xa8e40000, 0xaa0c0000, 0xb35c0000)
  eden space 8192K, 100% used [0xa8e40000,0xa9640000,0xa9640000)
  from space 1280K, 98% used [0xa9640000,0xa977c050,0xa9780000)
  to   space 1280K, 0% used [0xa9f80000,0xa9f80000,0xaa0c0000)
 ParOldGen       total 21248K, used 3873K [0x93fc0000, 0x95480000, 0xa8e40000)
  object space 21248K, 18% used [0x93fc0000,0x94388618,0x95480000)
 PSPermGen       total 16384K, used 11341K [0x8ffc0000, 0x90fc0000, 0x93fc0000)
  object space 16384K, 69% used [0x8ffc0000,0x90ad34b0,0x90fc0000)
Event: 3,572 GC heap after
Heap after GC invocations=2 (full 0):
 PSYoungGen      total 9472K, used 1272K [0xa8e40000, 0xaa0c0000, 0xb35c0000)
  eden space 8192K, 0% used [0xa8e40000,0xa8e40000,0xa9640000)
  from space 1280K, 99% used [0xa9f80000,0xaa0be318,0xaa0c0000)
  to   space 1280K, 0% used [0xa9640000,0xa9640000,0xa9780000)
 ParOldGen       total 21248K, used 5710K [0x93fc0000, 0x95480000, 0xa8e40000)
  object space 21248K, 26% used [0x93fc0000,0x945538f0,0x95480000)
 PSPermGen       total 16384K, used 11341K [0x8ffc0000, 0x90fc0000, 0x93fc0000)
  object space 16384K, 69% used [0x8ffc0000,0x90ad34b0,0x90fc0000)
}

