# JRE version: Java(TM) SE Runtime Environment (7.0_51-b13) (build 1.7.0_51-b13)
# Java VM: Java HotSpot(TM) Server VM (24.51-b03 mixed mode linux-x86 )
Heap
 PSYoungGen      total 9472K, used 4488K [0xa8d80000, 0xaa000000, 0xb3500000)
  eden space 8192K, 39% used [0xa8d80000,0xa90a5458,0xa9580000)
  from space 1280K, 99% used [0xa9ec0000,0xa9ffcee0,0xaa000000)
  to   space 1280K, 0% used [0xa9580000,0xa9580000,0xa96c0000)
 ParOldGen       total 21248K, used 3723K [0x93f00000, 0x953c0000, 0xa8d80000)
  object space 21248K, 17% used [0x93f00000,0x942a2e08,0x953c0000)
 PSPermGen       total 16384K, used 12188K [0x8ff00000, 0x90f00000, 0x93f00000)
  object space 16384K, 74% used [0x8ff00000,0x90ae7198,0x90f00000)
GC Heap History (4 events):
Event: 0,803 GC heap before
{Heap before GC invocations=1 (full 0):
 PSYoungGen      total 9472K, used 8192K [0xa8d80000, 0xa9800000, 0xb3500000)
  eden space 8192K, 100% used [0xa8d80000,0xa9580000,0xa9580000)
  from space 1280K, 0% used [0xa96c0000,0xa96c0000,0xa9800000)
  to   space 1280K, 0% used [0xa9580000,0xa9580000,0xa96c0000)
 ParOldGen       total 21248K, used 0K [0x93f00000, 0x953c0000, 0xa8d80000)
  object space 21248K, 0% used [0x93f00000,0x93f00000,0x953c0000)
 PSPermGen       total 16384K, used 8324K [0x8ff00000, 0x90f00000, 0x93f00000)
  object space 16384K, 50% used [0x8ff00000,0x90721290,0x90f00000)
Event: 0,812 GC heap after
Heap after GC invocations=1 (full 0):
 PSYoungGen      total 9472K, used 1272K [0xa8d80000, 0xaa000000, 0xb3500000)
  eden space 8192K, 0% used [0xa8d80000,0xa8d80000,0xa9580000)
  from space 1280K, 99% used [0xa9580000,0xa96be060,0xa96c0000)
  to   space 1280K, 0% used [0xa9ec0000,0xa9ec0000,0xaa000000)
 ParOldGen       total 21248K, used 1841K [0x93f00000, 0x953c0000, 0xa8d80000)
  object space 21248K, 8% used [0x93f00000,0x940cc5f8,0x953c0000)
 PSPermGen       total 16384K, used 8324K [0x8ff00000, 0x90f00000, 0x93f00000)
  object space 16384K, 50% used [0x8ff00000,0x90721290,0x90f00000)
}
Event: 2,469 GC heap before
{Heap before GC invocations=2 (full 0):
 PSYoungGen      total 9472K, used 9464K [0xa8d80000, 0xaa000000, 0xb3500000)
  eden space 8192K, 100% used [0xa8d80000,0xa9580000,0xa9580000)
  from space 1280K, 99% used [0xa9580000,0xa96be060,0xa96c0000)
  to   space 1280K, 0% used [0xa9ec0000,0xa9ec0000,0xaa000000)
 ParOldGen       total 21248K, used 1841K [0x93f00000, 0x953c0000, 0xa8d80000)
  object space 21248K, 8% used [0x93f00000,0x940cc5f8,0x953c0000)
 PSPermGen       total 16384K, used 11425K [0x8ff00000, 0x90f00000, 0x93f00000)
  object space 16384K, 69% used [0x8ff00000,0x90a28608,0x90f00000)
Event: 2,480 GC heap after
Heap after GC invocations=2 (full 0):
 PSYoungGen      total 9472K, used 1267K [0xa8d80000, 0xaa000000, 0xb3500000)
  eden space 8192K, 0% used [0xa8d80000,0xa8d80000,0xa9580000)
  from space 1280K, 99% used [0xa9ec0000,0xa9ffcee0,0xaa000000)
  to   space 1280K, 0% used [0xa9580000,0xa9580000,0xa96c0000)
 ParOldGen       total 21248K, used 3723K [0x93f00000, 0x953c0000, 0xa8d80000)
  object space 21248K, 17% used [0x93f00000,0x942a2e08,0x953c0000)
 PSPermGen       total 16384K, used 11425K [0x8ff00000, 0x90f00000, 0x93f00000)
  object space 16384K, 69% used [0x8ff00000,0x90a28608,0x90f00000)
}

