# JRE version: Java(TM) SE Runtime Environment (7.0_51-b13) (build 1.7.0_51-b13)
# Java VM: Java HotSpot(TM) Server VM (24.51-b03 mixed mode linux-x86 )
Heap
 PSYoungGen      total 9472K, used 4781K [0xa8d80000, 0xa9800000, 0xb3500000)
  eden space 8192K, 42% used [0xa8d80000,0xa90eceb0,0xa9580000)
  from space 1280K, 99% used [0xa96c0000,0xa97fe838,0xa9800000)
  to   space 1280K, 0% used [0xa9580000,0xa9580000,0xa96c0000)
 ParOldGen       total 21248K, used 3660K [0x93f00000, 0x953c0000, 0xa8d80000)
  object space 21248K, 17% used [0x93f00000,0x942931c0,0x953c0000)
 PSPermGen       total 16384K, used 12198K [0x8ff00000, 0x90f00000, 0x93f00000)
  object space 16384K, 74% used [0x8ff00000,0x90ae9938,0x90f00000)
GC Heap History (4 events):
Event: 0,805 GC heap before
{Heap before GC invocations=1 (full 0):
 PSYoungGen      total 9472K, used 8192K [0xa8d80000, 0xa9800000, 0xb3500000)
  eden space 8192K, 100% used [0xa8d80000,0xa9580000,0xa9580000)
  from space 1280K, 0% used [0xa96c0000,0xa96c0000,0xa9800000)
  to   space 1280K, 0% used [0xa9580000,0xa9580000,0xa96c0000)
 ParOldGen       total 21248K, used 0K [0x93f00000, 0x953c0000, 0xa8d80000)
  object space 21248K, 0% used [0x93f00000,0x93f00000,0x953c0000)
 PSPermGen       total 16384K, used 8117K [0x8ff00000, 0x90f00000, 0x93f00000)
  object space 16384K, 49% used [0x8ff00000,0x906ed630,0x90f00000)
Event: 0,814 GC heap after
Heap after GC invocations=1 (full 0):
 PSYoungGen      total 9472K, used 1272K [0xa8d80000, 0xa9800000, 0xb3500000)
  eden space 8192K, 0% used [0xa8d80000,0xa8d80000,0xa9580000)
  from space 1280K, 99% used [0xa9580000,0xa96be070,0xa96c0000)
  to   space 1280K, 0% used [0xa96c0000,0xa96c0000,0xa9800000)
 ParOldGen       total 21248K, used 1817K [0x93f00000, 0x953c0000, 0xa8d80000)
  object space 21248K, 8% used [0x93f00000,0x940c65e8,0x953c0000)
 PSPermGen       total 16384K, used 8117K [0x8ff00000, 0x90f00000, 0x93f00000)
  object space 16384K, 49% used [0x8ff00000,0x906ed630,0x90f00000)
}
Event: 2,680 GC heap before
{Heap before GC invocations=2 (full 0):
 PSYoungGen      total 9472K, used 9464K [0xa8d80000, 0xa9800000, 0xb3500000)
  eden space 8192K, 100% used [0xa8d80000,0xa9580000,0xa9580000)
  from space 1280K, 99% used [0xa9580000,0xa96be070,0xa96c0000)
  to   space 1280K, 0% used [0xa96c0000,0xa96c0000,0xa9800000)
 ParOldGen       total 21248K, used 1817K [0x93f00000, 0x953c0000, 0xa8d80000)
  object space 21248K, 8% used [0x93f00000,0x940c65e8,0x953c0000)
 PSPermGen       total 16384K, used 11342K [0x8ff00000, 0x90f00000, 0x93f00000)
  object space 16384K, 69% used [0x8ff00000,0x90a13a60,0x90f00000)
Event: 2,692 GC heap after
Heap after GC invocations=2 (full 0):
 PSYoungGen      total 9472K, used 1274K [0xa8d80000, 0xa9800000, 0xb3500000)
  eden space 8192K, 0% used [0xa8d80000,0xa8d80000,0xa9580000)
  from space 1280K, 99% used [0xa96c0000,0xa97fe838,0xa9800000)
  to   space 1280K, 0% used [0xa9580000,0xa9580000,0xa96c0000)
 ParOldGen       total 21248K, used 3660K [0x93f00000, 0x953c0000, 0xa8d80000)
  object space 21248K, 17% used [0x93f00000,0x942931c0,0x953c0000)
 PSPermGen       total 16384K, used 11342K [0x8ff00000, 0x90f00000, 0x93f00000)
  object space 16384K, 69% used [0x8ff00000,0x90a13a60,0x90f00000)
}

