# JRE version: Java(TM) SE Runtime Environment (7.0_51-b13) (build 1.7.0_51-b13)
# Java VM: Java HotSpot(TM) Server VM (24.51-b03 mixed mode linux-x86 )
Heap
 PSYoungGen      total 29184K, used 9934K [0xa8d80000, 0xab980000, 0xb3500000)
  eden space 14080K, 65% used [0xa8d80000,0xa9676f50,0xa9b40000)
  from space 15104K, 4% used [0xa9b40000,0xa9bfc8f8,0xaaa00000)
  to   space 14848K, 0% used [0xaab00000,0xaab00000,0xab980000)
 ParOldGen       total 40960K, used 12585K [0x93f00000, 0x96700000, 0xa8d80000)
  object space 40960K, 30% used [0x93f00000,0x94b4a700,0x96700000)
 PSPermGen       total 29440K, used 13528K [0x8ff00000, 0x91bc0000, 0x93f00000)
  object space 29440K, 45% used [0x8ff00000,0x90c362c0,0x91bc0000)
GC Heap History (10 events):
Event: 7,761 GC heap before
{Heap before GC invocations=9 (full 2):
 PSYoungGen      total 19712K, used 18239K [0xa8d80000, 0xab140000, 0xb3500000)
  eden space 10496K, 93% used [0xa8d80000,0xa9721f30,0xa97c0000)
  from space 9216K, 90% used [0xaa840000,0xab06e070,0xab140000)
  to   space 13056K, 0% used [0xa97c0000,0xa97c0000,0xaa480000)
 ParOldGen       total 40960K, used 12585K [0x93f00000, 0x96700000, 0xa8d80000)
  object space 40960K, 30% used [0x93f00000,0x94b4a700,0x96700000)
 PSPermGen       total 29440K, used 13020K [0x8ff00000, 0x91bc0000, 0x93f00000)
  object space 29440K, 44% used [0x8ff00000,0x90bb7220,0x91bc0000)
Event: 7,762 GC heap after
Heap after GC invocations=9 (full 2):
 PSYoungGen      total 23552K, used 296K [0xa8d80000, 0xab3c0000, 0xb3500000)
  eden space 10496K, 0% used [0xa8d80000,0xa8d80000,0xa97c0000)
  from space 13056K, 2% used [0xa97c0000,0xa980a050,0xaa480000)
  to   space 13056K, 0% used [0xaa700000,0xaa700000,0xab3c0000)
 ParOldGen       total 40960K, used 12585K [0x93f00000, 0x96700000, 0xa8d80000)
  object space 40960K, 30% used [0x93f00000,0x94b4a700,0x96700000)
 PSPermGen       total 29440K, used 13020K [0x8ff00000, 0x91bc0000, 0x93f00000)
  object space 29440K, 44% used [0x8ff00000,0x90bb7220,0x91bc0000)
}
Event: 7,974 GC heap before
{Heap before GC invocations=10 (full 2):
 PSYoungGen      total 23552K, used 8786K [0xa8d80000, 0xab3c0000, 0xb3500000)
  eden space 10496K, 80% used [0xa8d80000,0xa95caa80,0xa97c0000)
  from space 13056K, 2% used [0xa97c0000,0xa980a050,0xaa480000)
  to   space 13056K, 0% used [0xaa700000,0xaa700000,0xab3c0000)
 ParOldGen       total 40960K, used 12585K [0x93f00000, 0x96700000, 0xa8d80000)
  object space 40960K, 30% used [0x93f00000,0x94b4a700,0x96700000)
 PSPermGen       total 29440K, used 13068K [0x8ff00000, 0x91bc0000, 0x93f00000)
  object space 29440K, 44% used [0x8ff00000,0x90bc3108,0x91bc0000)
Event: 7,976 GC heap after
Heap after GC invocations=10 (full 2):
 PSYoungGen      total 24576K, used 360K [0xa8d80000, 0xab2c0000, 0xb3500000)
  eden space 12544K, 0% used [0xa8d80000,0xa8d80000,0xa99c0000)
  from space 12032K, 2% used [0xaa700000,0xaa75a030,0xab2c0000)
  to   space 12800K, 0% used [0xa99c0000,0xa99c0000,0xaa640000)
 ParOldGen       total 40960K, used 12585K [0x93f00000, 0x96700000, 0xa8d80000)
  object space 40960K, 30% used [0x93f00000,0x94b4a700,0x96700000)
 PSPermGen       total 29440K, used 13068K [0x8ff00000, 0x91bc0000, 0x93f00000)
  object space 29440K, 44% used [0x8ff00000,0x90bc3108,0x91bc0000)
}
Event: 8,115 GC heap before
{Heap before GC invocations=11 (full 2):
 PSYoungGen      total 24576K, used 12904K [0xa8d80000, 0xab2c0000, 0xb3500000)
  eden space 12544K, 100% used [0xa8d80000,0xa99c0000,0xa99c0000)
  from space 12032K, 2% used [0xaa700000,0xaa75a030,0xab2c0000)
  to   space 12800K, 0% used [0xa99c0000,0xa99c0000,0xaa640000)
 ParOldGen       total 40960K, used 12585K [0x93f00000, 0x96700000, 0xa8d80000)
  object space 40960K, 30% used [0x93f00000,0x94b4a700,0x96700000)
 PSPermGen       total 29440K, used 13074K [0x8ff00000, 0x91bc0000, 0x93f00000)
  object space 29440K, 44% used [0x8ff00000,0x90bc4aa0,0x91bc0000)
Event: 8,124 GC heap after
Heap after GC invocations=11 (full 2):
 PSYoungGen      total 25344K, used 12760K [0xa8d80000, 0xab980000, 0xb3500000)
  eden space 12544K, 0% used [0xa8d80000,0xa8d80000,0xa99c0000)
  from space 12800K, 99% used [0xa99c0000,0xaa6360c0,0xaa640000)
  to   space 15360K, 0% used [0xaaa80000,0xaaa80000,0xab980000)
 ParOldGen       total 40960K, used 12585K [0x93f00000, 0x96700000, 0xa8d80000)
  object space 40960K, 30% used [0x93f00000,0x94b4a700,0x96700000)
 PSPermGen       total 29440K, used 13074K [0x8ff00000, 0x91bc0000, 0x93f00000)
  object space 29440K, 44% used [0x8ff00000,0x90bc4aa0,0x91bc0000)
}
Event: 8,390 GC heap before
{Heap before GC invocations=12 (full 2):
 PSYoungGen      total 25344K, used 23945K [0xa8d80000, 0xab980000, 0xb3500000)
  eden space 12544K, 89% used [0xa8d80000,0xa986c458,0xa99c0000)
  from space 12800K, 99% used [0xa99c0000,0xaa6360c0,0xaa640000)
  to   space 15360K, 0% used [0xaaa80000,0xaaa80000,0xab980000)
 ParOldGen       total 40960K, used 12585K [0x93f00000, 0x96700000, 0xa8d80000)
  object space 40960K, 30% used [0x93f00000,0x94b4a700,0x96700000)
 PSPermGen       total 29440K, used 13156K [0x8ff00000, 0x91bc0000, 0x93f00000)
  object space 29440K, 44% used [0x8ff00000,0x90bd92b0,0x91bc0000)
Event: 8,391 GC heap after
Heap after GC invocations=12 (full 2):
 PSYoungGen      total 28672K, used 591K [0xa8d80000, 0xab8c0000, 0xb3500000)
  eden space 14080K, 0% used [0xa8d80000,0xa8d80000,0xa9b40000)
  from space 14592K, 4% used [0xaaa80000,0xaab13e78,0xab8c0000)
  to   space 15104K, 0% used [0xa9b40000,0xa9b40000,0xaaa00000)
 ParOldGen       total 40960K, used 12585K [0x93f00000, 0x96700000, 0xa8d80000)
  object space 40960K, 30% used [0x93f00000,0x94b4a700,0x96700000)
 PSPermGen       total 29440K, used 13156K [0x8ff00000, 0x91bc0000, 0x93f00000)
  object space 29440K, 44% used [0x8ff00000,0x90bd92b0,0x91bc0000)
}
Event: 8,947 GC heap before
{Heap before GC invocations=13 (full 2):
 PSYoungGen      total 28672K, used 14671K [0xa8d80000, 0xab8c0000, 0xb3500000)
  eden space 14080K, 100% used [0xa8d80000,0xa9b40000,0xa9b40000)
  from space 14592K, 4% used [0xaaa80000,0xaab13e78,0xab8c0000)
  to   space 15104K, 0% used [0xa9b40000,0xa9b40000,0xaaa00000)
 ParOldGen       total 40960K, used 12585K [0x93f00000, 0x96700000, 0xa8d80000)
  object space 40960K, 30% used [0x93f00000,0x94b4a700,0x96700000)
 PSPermGen       total 29440K, used 13214K [0x8ff00000, 0x91bc0000, 0x93f00000)
  object space 29440K, 44% used [0x8ff00000,0x90be7b30,0x91bc0000)
Event: 8,949 GC heap after
Heap after GC invocations=13 (full 2):
 PSYoungGen      total 29184K, used 754K [0xa8d80000, 0xab980000, 0xb3500000)
  eden space 14080K, 0% used [0xa8d80000,0xa8d80000,0xa9b40000)
  from space 15104K, 4% used [0xa9b40000,0xa9bfc8f8,0xaaa00000)
  to   space 14848K, 0% used [0xaab00000,0xaab00000,0xab980000)
 ParOldGen       total 40960K, used 12585K [0x93f00000, 0x96700000, 0xa8d80000)
  object space 40960K, 30% used [0x93f00000,0x94b4a700,0x96700000)
 PSPermGen       total 29440K, used 13214K [0x8ff00000, 0x91bc0000, 0x93f00000)
  object space 29440K, 44% used [0x8ff00000,0x90be7b30,0x91bc0000)
}

